<?xml version="1.0" encoding="UTF-8" ?>
<testsuite tests="95" failures="0" name="cn.tjuscs.st.LabTest" time="0.007" errors="0" skipped="0">
  <properties>
[...]
</properties>
  <testcase classname="cn.tjuscs.st.LabTest" name="verify[0]" time="0.001"/>
  <testcase classname="cn.tjuscs.st.LabTest" name="verify[1]" time="0"/>
  <testcase classname="cn.tjuscs.st.LabTest" name="verify[2]" time="0"/>
  <testcase classname="cn.tjuscs.st.LabTest" name="verify[3]" time="0"/>
  <testcase classname="cn.tjuscs.st.LabTest" name="verify[4]" time="0"/>
  <testcase classname="cn.tjuscs.st.LabTest" name="verify[5]" time="0"/>
  <testcase classname="cn.tjuscs.st.LabTest" name="verify[6]" time="0"/>
  <testcase classname="cn.tjuscs.st.LabTest" name="verify[7]" time="0"/>
  <testcase classname="cn.tjuscs.st.LabTest" name="verify[8]" time="0"/>
  <testcase classname="cn.tjuscs.st.LabTest" name="verify[9]" time="0"/>
  <testcase classname="cn.tjuscs.st.LabTest" name="verify[10]" time="0"/>
  <testcase classname="cn.tjuscs.st.LabTest" name="verify[11]" time="0"/>
  <testcase classname="cn.tjuscs.st.LabTest" name="verify[12]" time="0"/>
  <testcase classname="cn.tjuscs.st.LabTest" name="verify[13]" time="0"/>
  <testcase classname="cn.tjuscs.st.LabTest" name="verify[14]" time="0.001"/>
  <testcase classname="cn.tjuscs.st.LabTest" name="verify[15]" time="0.001"/>
  <testcase classname="cn.tjuscs.st.LabTest" name="verify[16]" time="0"/>
  <testcase classname="cn.tjuscs.st.LabTest" name="verify[17]" time="0"/>
  <testcase classname="cn.tjuscs.st.LabTest" name="verify[18]" time="0"/>
  <testcase classname="cn.tjuscs.st.LabTest" name="verify[19]" time="0"/>
  <testcase classname="cn.tjuscs.st.LabTest" name="verify[20]" time="0"/>
  <testcase classname="cn.tjuscs.st.LabTest" name="verify[21]" time="0"/>
  <testcase classname="cn.tjuscs.st.LabTest" name="verify[22]" time="0"/>
  <testcase classname="cn.tjuscs.st.LabTest" name="verify[23]" time="0"/>
  <testcase classname="cn.tjuscs.st.LabTest" name="verify[24]" time="0"/>
  <testcase classname="cn.tjuscs.st.LabTest" name="verify[25]" time="0"/>
  <testcase classname="cn.tjuscs.st.LabTest" name="verify[26]" time="0"/>
  <testcase classname="cn.tjuscs.st.LabTest" name="verify[27]" time="0"/>
  <testcase classname="cn.tjuscs.st.LabTest" name="verify[28]" time="0"/>
  <testcase classname="cn.tjuscs.st.LabTest" name="verify[29]" time="0"/>
  <testcase classname="cn.tjuscs.st.LabTest" name="verify[30]" time="0"/>
  <testcase classname="cn.tjuscs.st.LabTest" name="verify[31]" time="0"/>
  <testcase classname="cn.tjuscs.st.LabTest" name="verify[32]" time="0"/>
  <testcase classname="cn.tjuscs.st.LabTest" name="verify[33]" time="0"/>
  <testcase classname="cn.tjuscs.st.LabTest" name="verify[34]" time="0"/>
  <testcase classname="cn.tjuscs.st.LabTest" name="verify[35]" time="0"/>
  <testcase classname="cn.tjuscs.st.LabTest" name="verify[36]" time="0"/>
  <testcase classname="cn.tjuscs.st.LabTest" name="verify[37]" time="0"/>
  <testcase classname="cn.tjuscs.st.LabTest" name="verify[38]" time="0"/>
  <testcase classname="cn.tjuscs.st.LabTest" name="verify[39]" time="0.001"/>
  <testcase classname="cn.tjuscs.st.LabTest" name="verify[40]" time="0"/>
  <testcase classname="cn.tjuscs.st.LabTest" name="verify[41]" time="0"/>
  <testcase classname="cn.tjuscs.st.LabTest" name="verify[42]" time="0"/>
  <testcase classname="cn.tjuscs.st.LabTest" name="verify[43]" time="0"/>
  <testcase classname="cn.tjuscs.st.LabTest" name="verify[44]" time="0"/>
  <testcase classname="cn.tjuscs.st.LabTest" name="verify[45]" time="0"/>
  <testcase classname="cn.tjuscs.st.LabTest" name="verify[46]" time="0.001"/>
  <testcase classname="cn.tjuscs.st.LabTest" name="verify[47]" time="0"/>
  <testcase classname="cn.tjuscs.st.LabTest" name="verify[48]" time="0"/>
  <testcase classname="cn.tjuscs.st.LabTest" name="verify[49]" time="0"/>
  <testcase classname="cn.tjuscs.st.LabTest" name="verify[50]" time="0"/>
  <testcase classname="cn.tjuscs.st.LabTest" name="verify[51]" time="0"/>
  <testcase classname="cn.tjuscs.st.LabTest" name="verify[52]" time="0"/>
  <testcase classname="cn.tjuscs.st.LabTest" name="verify[53]" time="0"/>
  <testcase classname="cn.tjuscs.st.LabTest" name="verify[54]" time="0"/>
  <testcase classname="cn.tjuscs.st.LabTest" name="verify[55]" time="0.001"/>
  <testcase classname="cn.tjuscs.st.LabTest" name="verify[56]" time="0"/>
  <testcase classname="cn.tjuscs.st.LabTest" name="verify[57]" time="0"/>
  <testcase classname="cn.tjuscs.st.LabTest" name="verify[58]" time="0"/>
  <testcase classname="cn.tjuscs.st.LabTest" name="verify[59]" time="0"/>
  <testcase classname="cn.tjuscs.st.LabTest" name="verify[60]" time="0"/>
  <testcase classname="cn.tjuscs.st.LabTest" name="verify[61]" time="0"/>
  <testcase classname="cn.tjuscs.st.LabTest" name="verify[62]" time="0"/>
  <testcase classname="cn.tjuscs.st.LabTest" name="verify[63]" time="0"/>
  <testcase classname="cn.tjuscs.st.LabTest" name="verify[64]" time="0"/>
  <testcase classname="cn.tjuscs.st.LabTest" name="verify[65]" time="0"/>
  <testcase classname="cn.tjuscs.st.LabTest" name="verify[66]" time="0"/>
  <testcase classname="cn.tjuscs.st.LabTest" name="verify[67]" time="0"/>
  <testcase classname="cn.tjuscs.st.LabTest" name="verify[68]" time="0"/>
  <testcase classname="cn.tjuscs.st.LabTest" name="verify[69]" time="0"/>
  <testcase classname="cn.tjuscs.st.LabTest" name="verify[70]" time="0"/>
  <testcase classname="cn.tjuscs.st.LabTest" name="verify[71]" time="0"/>
  <testcase classname="cn.tjuscs.st.LabTest" name="verify[72]" time="0"/>
  <testcase classname="cn.tjuscs.st.LabTest" name="verify[73]" time="0"/>
  <testcase classname="cn.tjuscs.st.LabTest" name="verify[74]" time="0"/>
  <testcase classname="cn.tjuscs.st.LabTest" name="verify[75]" time="0"/>
  <testcase classname="cn.tjuscs.st.LabTest" name="verify[76]" time="0"/>
  <testcase classname="cn.tjuscs.st.LabTest" name="verify[77]" time="0"/>
  <testcase classname="cn.tjuscs.st.LabTest" name="verify[78]" time="0"/>
  <testcase classname="cn.tjuscs.st.LabTest" name="verify[79]" time="0"/>
  <testcase classname="cn.tjuscs.st.LabTest" name="verify[80]" time="0"/>
  <testcase classname="cn.tjuscs.st.LabTest" name="verify[81]" time="0"/>
  <testcase classname="cn.tjuscs.st.LabTest" name="verify[82]" time="0"/>
  <testcase classname="cn.tjuscs.st.LabTest" name="verify[83]" time="0"/>
  <testcase classname="cn.tjuscs.st.LabTest" name="verify[84]" time="0"/>
  <testcase classname="cn.tjuscs.st.LabTest" name="verify[85]" time="0"/>
  <testcase classname="cn.tjuscs.st.LabTest" name="verify[86]" time="0"/>
  <testcase classname="cn.tjuscs.st.LabTest" name="verify[87]" time="0"/>
  <testcase classname="cn.tjuscs.st.LabTest" name="verify[88]" time="0"/>
  <testcase classname="cn.tjuscs.st.LabTest" name="verify[89]" time="0"/>
  <testcase classname="cn.tjuscs.st.LabTest" name="verify[90]" time="0"/>
  <testcase classname="cn.tjuscs.st.LabTest" name="verify[91]" time="0"/>
  <testcase classname="cn.tjuscs.st.LabTest" name="verify[92]" time="0"/>
  <testcase classname="cn.tjuscs.st.LabTest" name="verify[93]" time="0.001"/>
  <testcase classname="cn.tjuscs.st.LabTest" name="verify[94]" time="0"/>
</testsuite>